<?xml version="1.0" encoding="UTF-8"?>
<testsuite xmlns:xsi="http://www.w3.org/2001/XMLSchema-instance" xsi:noNamespaceSchemaLocation="https://maven.apache.org/surefire/maven-surefire-plugin/xsd/surefire-test-report-3.0.xsd" version="3.0" name="com.demo.AppTest" time="8.521" tests="1" errors="0" skipped="0" failures="0">
  <properties>
[...]
</properties>
  <testcase name="healthEndpointReturnsOk" classname="com.demo.AppTest" time="2.373">
    <system-out><![CDATA[22:27:41.608 [main] INFO org.springframework.test.context.support.AnnotationConfigContextLoaderUtils -- Could not detect default configuration classes for test class [com.demo.AppTest]: AppTest does not declare any static, non-private, non-final, nested classes annotated with @Configuration.
22:27:42.040 [main] INFO org.springframework.boot.test.context.SpringBootTestContextBootstrapper -- Found @SpringBootConfiguration com.demo.App for test class com.demo.AppTest

  .   ____          _            __ _ _
 /\\ / ___'_ __ _ _(_)_ __  __ _ \ \ \ \
( ( )\___ | '_ | '_| | '_ \/ _` | \ \ \ \
 \\/  ___)| |_)| | | | | || (_| |  ) ) ) )
  '  |____| .__|_| |_|_| |_\__, | / / / /
 =========|_|==============|___/=/_/_/_/
 :: Spring Boot ::                (v3.2.0)

2026-06-04T22:27:44.050-03:00  INFO 157474 --- [           main] com.demo.AppTest                         : Starting AppTest using Java 17.0.19 with PID 157474 (started by samuelsg in /home/samuelsg/mybase/my_app_demo)
2026-06-04T22:27:44.053-03:00  INFO 157474 --- [           main] com.demo.AppTest                         : No active profile set, falling back to 1 default profile: "default"
2026-06-04T22:27:46.186-03:00  INFO 157474 --- [           main] o.s.b.w.embedded.tomcat.TomcatWebServer  : Tomcat initialized with port 0 (http)
2026-06-04T22:27:46.213-03:00  INFO 157474 --- [           main] o.apache.catalina.core.StandardService   : Starting service [Tomcat]
2026-06-04T22:27:46.214-03:00  INFO 157474 --- [           main] o.apache.catalina.core.StandardEngine    : Starting Servlet engine: [Apache Tomcat/10.1.16]
2026-06-04T22:27:46.323-03:00  INFO 157474 --- [           main] o.a.c.c.C.[Tomcat].[localhost].[/]       : Initializing Spring embedded WebApplicationContext
2026-06-04T22:27:46.325-03:00  INFO 157474 --- [           main] w.s.c.ServletWebServerApplicationContext : Root WebApplicationContext: initialization completed in 2217 ms
2026-06-04T22:27:47.210-03:00  INFO 157474 --- [           main] o.s.b.w.embedded.tomcat.TomcatWebServer  : Tomcat started on port 45708 (http) with context path ''
2026-06-04T22:27:47.226-03:00  INFO 157474 --- [           main] com.demo.AppTest                         : Started AppTest in 3.772 seconds (process running for 7.997)
2026-06-04T22:27:49.299-03:00  INFO 157474 --- [o-auto-1-exec-1] o.a.c.c.C.[Tomcat].[localhost].[/]       : Initializing Spring DispatcherServlet 'dispatcherServlet'
2026-06-04T22:27:49.299-03:00  INFO 157474 --- [o-auto-1-exec-1] o.s.web.servlet.DispatcherServlet        : Initializing Servlet 'dispatcherServlet'
2026-06-04T22:27:49.301-03:00  INFO 157474 --- [o-auto-1-exec-1] o.s.web.servlet.DispatcherServlet        : Completed initialization in 1 ms
]]></system-out>
  </testcase>
</testsuite>